21-Sep-2022 10:59:04 INFO - Bootstrapping Spring Data JPA repositories in DEFAULT mode.
21-Sep-2022 10:59:04 INFO - Finished Spring Data repository scanning in 251 ms. Found 2 JPA repository interfaces.
21-Sep-2022 10:59:05 INFO - Tomcat initialized with port(s): 8080 (http)
21-Sep-2022 10:59:05 INFO - Initializing ProtocolHandler ["http-nio-8080"]
21-Sep-2022 10:59:05 INFO - Starting service [Tomcat]
21-Sep-2022 10:59:05 INFO - Starting Servlet engine: [Apache Tomcat/9.0.65]
21-Sep-2022 10:59:05 INFO - Initializing Spring embedded WebApplicationContext
21-Sep-2022 10:59:05 INFO - Root WebApplicationContext: initialization completed in 3639 ms
21-Sep-2022 10:59:05 INFO - HHH000204: Processing PersistenceUnitInfo [name: default]
21-Sep-2022 10:59:06 INFO - HHH000412: Hibernate ORM core version 5.6.10.Final
21-Sep-2022 10:59:06 INFO - HCANN000001: Hibernate Commons Annotations {5.1.2.Final}
21-Sep-2022 10:59:07 INFO - HHH000400: Using dialect: org.hibernate.dialect.PostgreSQL10Dialect
21-Sep-2022 10:59:08 INFO - HHH000490: Using JtaPlatform implementation: [org.hibernate.engine.transaction.jta.platform.internal.NoJtaPlatform]
21-Sep-2022 10:59:08 INFO - Initialized JPA EntityManagerFactory for persistence unit 'default'
21-Sep-2022 10:59:09 WARN - spring.jpa.open-in-view is enabled by default. Therefore, database queries may be performed during view rendering. Explicitly configure spring.jpa.open-in-view to disable this warning
21-Sep-2022 10:59:10 INFO - Starting ProtocolHandler ["http-nio-8080"]
21-Sep-2022 10:59:10 INFO - Tomcat started on port(s): 8080 (http) with context path ''
21-Sep-2022 11:00:26 INFO - Initializing Spring DispatcherServlet 'dispatcherServlet'
21-Sep-2022 11:00:26 INFO - Initializing Servlet 'dispatcherServlet'
21-Sep-2022 11:00:26 INFO - Completed initialization in 2 ms
21-Sep-2022 12:39:39 INFO - Neither @ContextConfiguration nor @ContextHierarchy found for test class [com.service.CoderServiceTest], using SpringBootContextLoader
21-Sep-2022 12:39:39 INFO - Could not detect default resource locations for test class [com.service.CoderServiceTest]: no resource found for suffixes {-context.xml, Context.groovy}.
21-Sep-2022 12:39:39 INFO - Could not detect default configuration classes for test class [com.service.CoderServiceTest]: CoderServiceTest does not declare any static, non-private, non-final, nested classes annotated with @Configuration.
21-Sep-2022 12:39:39 INFO - Found @SpringBootConfiguration com.FirstSpringRestApplication for test class com.service.CoderServiceTest
21-Sep-2022 12:39:40 INFO - Loaded default TestExecutionListener class names from location [META-INF/spring.factories]: [org.springframework.boot.test.mock.mockito.MockitoTestExecutionListener, org.springframework.boot.test.mock.mockito.ResetMocksTestExecutionListener, org.springframework.boot.test.autoconfigure.restdocs.RestDocsTestExecutionListener, org.springframework.boot.test.autoconfigure.web.client.MockRestServiceServerResetTestExecutionListener, org.springframework.boot.test.autoconfigure.web.servlet.MockMvcPrintOnlyOnFailureTestExecutionListener, org.springframework.boot.test.autoconfigure.web.servlet.WebDriverTestExecutionListener, org.springframework.boot.test.autoconfigure.webservices.client.MockWebServiceServerTestExecutionListener, org.springframework.test.context.web.ServletTestExecutionListener, org.springframework.test.context.support.DirtiesContextBeforeModesTestExecutionListener, org.springframework.test.context.event.ApplicationEventsTestExecutionListener, org.springframework.test.context.support.DependencyInjectionTestExecutionListener, org.springframework.test.context.support.DirtiesContextTestExecutionListener, org.springframework.test.context.transaction.TransactionalTestExecutionListener, org.springframework.test.context.jdbc.SqlScriptsTestExecutionListener, org.springframework.test.context.event.EventPublishingTestExecutionListener]
21-Sep-2022 12:39:40 INFO - Using TestExecutionListeners: [org.springframework.test.context.web.ServletTestExecutionListener@6f815e7f, org.springframework.test.context.support.DirtiesContextBeforeModesTestExecutionListener@65e7f52a, org.springframework.test.context.event.ApplicationEventsTestExecutionListener@304b9f1a, org.springframework.boot.test.mock.mockito.MockitoTestExecutionListener@75699e35, org.springframework.boot.test.autoconfigure.SpringBootDependencyInjectionTestExecutionListener@107e5441, org.springframework.test.context.support.DirtiesContextTestExecutionListener@4aeaadc1, org.springframework.test.context.transaction.TransactionalTestExecutionListener@263558c9, org.springframework.test.context.jdbc.SqlScriptsTestExecutionListener@1f14f20c, org.springframework.test.context.event.EventPublishingTestExecutionListener@7daa61f3, org.springframework.boot.test.mock.mockito.ResetMocksTestExecutionListener@62315f22, org.springframework.boot.test.autoconfigure.restdocs.RestDocsTestExecutionListener@6e4ea0bd, org.springframework.boot.test.autoconfigure.web.client.MockRestServiceServerResetTestExecutionListener@56f2bbea, org.springframework.boot.test.autoconfigure.web.servlet.MockMvcPrintOnlyOnFailureTestExecutionListener@78f9ed3e, org.springframework.boot.test.autoconfigure.web.servlet.WebDriverTestExecutionListener@1059754c, org.springframework.boot.test.autoconfigure.webservices.client.MockWebServiceServerTestExecutionListener@b0964b2]
21-Sep-2022 12:39:41 INFO - Bootstrapping Spring Data JPA repositories in DEFAULT mode.
21-Sep-2022 12:39:41 INFO - Finished Spring Data repository scanning in 181 ms. Found 2 JPA repository interfaces.
21-Sep-2022 12:39:43 INFO - HHH000204: Processing PersistenceUnitInfo [name: default]
21-Sep-2022 12:39:43 INFO - HHH000412: Hibernate ORM core version 5.6.10.Final
21-Sep-2022 12:39:43 INFO - HCANN000001: Hibernate Commons Annotations {5.1.2.Final}
21-Sep-2022 12:39:43 INFO - HHH000400: Using dialect: org.hibernate.dialect.PostgreSQL10Dialect
21-Sep-2022 12:39:44 INFO - HHH000490: Using JtaPlatform implementation: [org.hibernate.engine.transaction.jta.platform.internal.NoJtaPlatform]
21-Sep-2022 12:39:44 INFO - Initialized JPA EntityManagerFactory for persistence unit 'default'
21-Sep-2022 12:39:45 WARN - spring.jpa.open-in-view is enabled by default. Therefore, database queries may be performed during view rendering. Explicitly configure spring.jpa.open-in-view to disable this warning
21-Sep-2022 12:39:46 INFO - Closing JPA EntityManagerFactory for persistence unit 'default'
21-Sep-2022 12:41:29 INFO - Neither @ContextConfiguration nor @ContextHierarchy found for test class [com.service.CoderServiceTest], using SpringBootContextLoader
21-Sep-2022 12:41:29 INFO - Could not detect default resource locations for test class [com.service.CoderServiceTest]: no resource found for suffixes {-context.xml, Context.groovy}.
21-Sep-2022 12:41:29 INFO - Could not detect default configuration classes for test class [com.service.CoderServiceTest]: CoderServiceTest does not declare any static, non-private, non-final, nested classes annotated with @Configuration.
21-Sep-2022 12:41:29 INFO - Found @SpringBootConfiguration com.FirstSpringRestApplication for test class com.service.CoderServiceTest
21-Sep-2022 12:41:29 INFO - Loaded default TestExecutionListener class names from location [META-INF/spring.factories]: [org.springframework.boot.test.mock.mockito.MockitoTestExecutionListener, org.springframework.boot.test.mock.mockito.ResetMocksTestExecutionListener, org.springframework.boot.test.autoconfigure.restdocs.RestDocsTestExecutionListener, org.springframework.boot.test.autoconfigure.web.client.MockRestServiceServerResetTestExecutionListener, org.springframework.boot.test.autoconfigure.web.servlet.MockMvcPrintOnlyOnFailureTestExecutionListener, org.springframework.boot.test.autoconfigure.web.servlet.WebDriverTestExecutionListener, org.springframework.boot.test.autoconfigure.webservices.client.MockWebServiceServerTestExecutionListener, org.springframework.test.context.web.ServletTestExecutionListener, org.springframework.test.context.support.DirtiesContextBeforeModesTestExecutionListener, org.springframework.test.context.event.ApplicationEventsTestExecutionListener, org.springframework.test.context.support.DependencyInjectionTestExecutionListener, org.springframework.test.context.support.DirtiesContextTestExecutionListener, org.springframework.test.context.transaction.TransactionalTestExecutionListener, org.springframework.test.context.jdbc.SqlScriptsTestExecutionListener, org.springframework.test.context.event.EventPublishingTestExecutionListener]
21-Sep-2022 12:41:29 INFO - Using TestExecutionListeners: [org.springframework.test.context.web.ServletTestExecutionListener@6f815e7f, org.springframework.test.context.support.DirtiesContextBeforeModesTestExecutionListener@65e7f52a, org.springframework.test.context.event.ApplicationEventsTestExecutionListener@304b9f1a, org.springframework.boot.test.mock.mockito.MockitoTestExecutionListener@75699e35, org.springframework.boot.test.autoconfigure.SpringBootDependencyInjectionTestExecutionListener@107e5441, org.springframework.test.context.support.DirtiesContextTestExecutionListener@4aeaadc1, org.springframework.test.context.transaction.TransactionalTestExecutionListener@263558c9, org.springframework.test.context.jdbc.SqlScriptsTestExecutionListener@1f14f20c, org.springframework.test.context.event.EventPublishingTestExecutionListener@7daa61f3, org.springframework.boot.test.mock.mockito.ResetMocksTestExecutionListener@62315f22, org.springframework.boot.test.autoconfigure.restdocs.RestDocsTestExecutionListener@6e4ea0bd, org.springframework.boot.test.autoconfigure.web.client.MockRestServiceServerResetTestExecutionListener@56f2bbea, org.springframework.boot.test.autoconfigure.web.servlet.MockMvcPrintOnlyOnFailureTestExecutionListener@78f9ed3e, org.springframework.boot.test.autoconfigure.web.servlet.WebDriverTestExecutionListener@1059754c, org.springframework.boot.test.autoconfigure.webservices.client.MockWebServiceServerTestExecutionListener@b0964b2]
21-Sep-2022 12:41:31 INFO - Bootstrapping Spring Data JPA repositories in DEFAULT mode.
21-Sep-2022 12:41:31 INFO - Finished Spring Data repository scanning in 198 ms. Found 2 JPA repository interfaces.
21-Sep-2022 12:41:32 INFO - HHH000204: Processing PersistenceUnitInfo [name: default]
21-Sep-2022 12:41:32 INFO - HHH000412: Hibernate ORM core version 5.6.10.Final
21-Sep-2022 12:41:32 INFO - HCANN000001: Hibernate Commons Annotations {5.1.2.Final}
21-Sep-2022 12:41:33 INFO - HHH000400: Using dialect: org.hibernate.dialect.PostgreSQL10Dialect
21-Sep-2022 12:41:34 INFO - HHH000490: Using JtaPlatform implementation: [org.hibernate.engine.transaction.jta.platform.internal.NoJtaPlatform]
21-Sep-2022 12:41:34 INFO - Initialized JPA EntityManagerFactory for persistence unit 'default'
21-Sep-2022 12:41:34 WARN - spring.jpa.open-in-view is enabled by default. Therefore, database queries may be performed during view rendering. Explicitly configure spring.jpa.open-in-view to disable this warning
21-Sep-2022 12:41:35 INFO - Closing JPA EntityManagerFactory for persistence unit 'default'
21-Sep-2022 12:51:24 INFO - Application shutdown requested.
21-Sep-2022 12:51:24 INFO - Pausing ProtocolHandler ["http-nio-8080"]
21-Sep-2022 12:51:24 INFO - Stopping service [Tomcat]
21-Sep-2022 12:51:24 INFO - Destroying Spring FrameworkServlet 'dispatcherServlet'
21-Sep-2022 12:51:24 INFO - Stopping ProtocolHandler ["http-nio-8080"]
21-Sep-2022 12:51:24 INFO - Destroying ProtocolHandler ["http-nio-8080"]
21-Sep-2022 12:51:24 INFO - Closing JPA EntityManagerFactory for persistence unit 'default'
21-Sep-2022 12:51:40 INFO - Bootstrapping Spring Data JPA repositories in DEFAULT mode.
21-Sep-2022 12:51:40 INFO - Finished Spring Data repository scanning in 115 ms. Found 2 JPA repository interfaces.
21-Sep-2022 12:51:40 INFO - Tomcat initialized with port(s): 8080 (http)
21-Sep-2022 12:51:40 INFO - Initializing ProtocolHandler ["http-nio-8080"]
21-Sep-2022 12:51:40 INFO - Starting service [Tomcat]
21-Sep-2022 12:51:40 INFO - Starting Servlet engine: [Apache Tomcat/9.0.65]
21-Sep-2022 12:51:40 INFO - Initializing Spring embedded WebApplicationContext
21-Sep-2022 12:51:40 INFO - Root WebApplicationContext: initialization completed in 1917 ms
21-Sep-2022 12:51:41 INFO - HHH000204: Processing PersistenceUnitInfo [name: default]
21-Sep-2022 12:51:41 INFO - HHH000412: Hibernate ORM core version 5.6.10.Final
21-Sep-2022 12:51:41 INFO - HCANN000001: Hibernate Commons Annotations {5.1.2.Final}
21-Sep-2022 12:51:41 INFO - HHH000400: Using dialect: org.hibernate.dialect.PostgreSQL10Dialect
21-Sep-2022 12:51:42 INFO - HHH000490: Using JtaPlatform implementation: [org.hibernate.engine.transaction.jta.platform.internal.NoJtaPlatform]
21-Sep-2022 12:51:42 INFO - Initialized JPA EntityManagerFactory for persistence unit 'default'
21-Sep-2022 12:51:43 WARN - spring.jpa.open-in-view is enabled by default. Therefore, database queries may be performed during view rendering. Explicitly configure spring.jpa.open-in-view to disable this warning
21-Sep-2022 12:51:43 INFO - Starting ProtocolHandler ["http-nio-8080"]
21-Sep-2022 12:51:43 INFO - Tomcat started on port(s): 8080 (http) with context path ''
21-Sep-2022 12:51:43 WARN - Exception encountered during context initialization - cancelling refresh attempt: org.springframework.context.ApplicationContextException: Failed to start bean 'documentationPluginsBootstrapper'; nested exception is java.lang.NullPointerException: Cannot invoke "org.springframework.web.servlet.mvc.condition.PatternsRequestCondition.getPatterns()" because "this.condition" is null
21-Sep-2022 12:51:43 INFO - Closing JPA EntityManagerFactory for persistence unit 'default'
21-Sep-2022 12:51:43 INFO - Pausing ProtocolHandler ["http-nio-8080"]
21-Sep-2022 12:51:43 INFO - Stopping service [Tomcat]
21-Sep-2022 12:51:43 INFO - Stopping ProtocolHandler ["http-nio-8080"]
21-Sep-2022 12:51:43 INFO - Destroying ProtocolHandler ["http-nio-8080"]
21-Sep-2022 12:51:43 INFO - 

Error starting ApplicationContext. To display the conditions report re-run your application with 'debug' enabled.
21-Sep-2022 12:51:43 ERROR - Application run failed
org.springframework.context.ApplicationContextException: Failed to start bean 'documentationPluginsBootstrapper'; nested exception is java.lang.NullPointerException: Cannot invoke "org.springframework.web.servlet.mvc.condition.PatternsRequestCondition.getPatterns()" because "this.condition" is null
	at org.springframework.context.support.DefaultLifecycleProcessor.doStart(DefaultLifecycleProcessor.java:181) ~[spring-context-5.3.22.jar:5.3.22]
	at org.springframework.context.support.DefaultLifecycleProcessor.access$200(DefaultLifecycleProcessor.java:54) ~[spring-context-5.3.22.jar:5.3.22]
	at org.springframework.context.support.DefaultLifecycleProcessor$LifecycleGroup.start(DefaultLifecycleProcessor.java:356) ~[spring-context-5.3.22.jar:5.3.22]
	at java.lang.Iterable.forEach(Iterable.java:75) ~[?:?]
	at org.springframework.context.support.DefaultLifecycleProcessor.startBeans(DefaultLifecycleProcessor.java:155) ~[spring-context-5.3.22.jar:5.3.22]
	at org.springframework.context.support.DefaultLifecycleProcessor.onRefresh(DefaultLifecycleProcessor.java:123) ~[spring-context-5.3.22.jar:5.3.22]
	at org.springframework.context.support.AbstractApplicationContext.finishRefresh(AbstractApplicationContext.java:935) ~[spring-context-5.3.22.jar:5.3.22]
	at org.springframework.context.support.AbstractApplicationContext.refresh(AbstractApplicationContext.java:586) ~[spring-context-5.3.22.jar:5.3.22]
	at org.springframework.boot.web.servlet.context.ServletWebServerApplicationContext.refresh(ServletWebServerApplicationContext.java:147) ~[spring-boot-2.7.3.jar:2.7.3]
	at org.springframework.boot.SpringApplication.refresh(SpringApplication.java:734) ~[spring-boot-2.7.3.jar:2.7.3]
	at org.springframework.boot.SpringApplication.refreshContext(SpringApplication.java:408) ~[spring-boot-2.7.3.jar:2.7.3]
	at org.springframework.boot.SpringApplication.run(SpringApplication.java:308) ~[spring-boot-2.7.3.jar:2.7.3]
	at org.springframework.boot.SpringApplication.run(SpringApplication.java:1306) ~[spring-boot-2.7.3.jar:2.7.3]
	at org.springframework.boot.SpringApplication.run(SpringApplication.java:1295) ~[spring-boot-2.7.3.jar:2.7.3]
	at com.FirstSpringRestApplication.main(FirstSpringRestApplication.java:17) ~[classes/:?]
Caused by: java.lang.NullPointerException: Cannot invoke "org.springframework.web.servlet.mvc.condition.PatternsRequestCondition.getPatterns()" because "this.condition" is null
	at springfox.documentation.spring.web.WebMvcPatternsRequestConditionWrapper.getPatterns(WebMvcPatternsRequestConditionWrapper.java:56) ~[springfox-spring-webmvc-3.0.0.jar:3.0.0]
	at springfox.documentation.RequestHandler.sortedPaths(RequestHandler.java:113) ~[springfox-core-3.0.0.jar:3.0.0]
	at springfox.documentation.spi.service.contexts.Orderings.lambda$byPatternsCondition$3(Orderings.java:89) ~[springfox-spi-3.0.0.jar:3.0.0]
	at java.util.Comparator.lambda$comparing$77a9974f$1(Comparator.java:473) ~[?:?]
	at java.util.TimSort.countRunAndMakeAscending(TimSort.java:355) ~[?:?]
	at java.util.TimSort.sort(TimSort.java:220) ~[?:?]
	at java.util.Arrays.sort(Arrays.java:1307) ~[?:?]
	at java.util.ArrayList.sort(ArrayList.java:1721) ~[?:?]
	at java.util.stream.SortedOps$RefSortingSink.end(SortedOps.java:392) ~[?:?]
	at java.util.stream.Sink$ChainedReference.end(Sink.java:258) ~[?:?]
	at java.util.stream.Sink$ChainedReference.end(Sink.java:258) ~[?:?]
	at java.util.stream.Sink$ChainedReference.end(Sink.java:258) ~[?:?]
	at java.util.stream.Sink$ChainedReference.end(Sink.java:258) ~[?:?]
	at java.util.stream.AbstractPipeline.copyInto(AbstractPipeline.java:510) ~[?:?]
	at java.util.stream.AbstractPipeline.wrapAndCopyInto(AbstractPipeline.java:499) ~[?:?]
	at java.util.stream.ReduceOps$ReduceOp.evaluateSequential(ReduceOps.java:921) ~[?:?]
	at java.util.stream.AbstractPipeline.evaluate(AbstractPipeline.java:234) ~[?:?]
	at java.util.stream.ReferencePipeline.collect(ReferencePipeline.java:682) ~[?:?]
	at springfox.documentation.spring.web.plugins.WebMvcRequestHandlerProvider.requestHandlers(WebMvcRequestHandlerProvider.java:81) ~[springfox-spring-webmvc-3.0.0.jar:3.0.0]
	at java.util.stream.ReferencePipeline$3$1.accept(ReferencePipeline.java:197) ~[?:?]
	at java.util.ArrayList$ArrayListSpliterator.forEachRemaining(ArrayList.java:1625) ~[?:?]
	at java.util.stream.AbstractPipeline.copyInto(AbstractPipeline.java:509) ~[?:?]
	at java.util.stream.AbstractPipeline.wrapAndCopyInto(AbstractPipeline.java:499) ~[?:?]
	at java.util.stream.ReduceOps$ReduceOp.evaluateSequential(ReduceOps.java:921) ~[?:?]
	at java.util.stream.AbstractPipeline.evaluate(AbstractPipeline.java:234) ~[?:?]
	at java.util.stream.ReferencePipeline.collect(ReferencePipeline.java:682) ~[?:?]
	at springfox.documentation.spring.web.plugins.AbstractDocumentationPluginsBootstrapper.withDefaults(AbstractDocumentationPluginsBootstrapper.java:107) ~[springfox-spring-web-3.0.0.jar:3.0.0]
	at springfox.documentation.spring.web.plugins.AbstractDocumentationPluginsBootstrapper.buildContext(AbstractDocumentationPluginsBootstrapper.java:91) ~[springfox-spring-web-3.0.0.jar:3.0.0]
	at springfox.documentation.spring.web.plugins.AbstractDocumentationPluginsBootstrapper.bootstrapDocumentationPlugins(AbstractDocumentationPluginsBootstrapper.java:82) ~[springfox-spring-web-3.0.0.jar:3.0.0]
	at springfox.documentation.spring.web.plugins.DocumentationPluginsBootstrapper.start(DocumentationPluginsBootstrapper.java:100) ~[springfox-spring-web-3.0.0.jar:3.0.0]
	at org.springframework.context.support.DefaultLifecycleProcessor.doStart(DefaultLifecycleProcessor.java:178) ~[spring-context-5.3.22.jar:5.3.22]
	... 14 more
21-Sep-2022 12:53:48 INFO - Bootstrapping Spring Data JPA repositories in DEFAULT mode.
21-Sep-2022 12:53:48 INFO - Finished Spring Data repository scanning in 115 ms. Found 2 JPA repository interfaces.
21-Sep-2022 12:53:48 INFO - Tomcat initialized with port(s): 8080 (http)
21-Sep-2022 12:53:48 INFO - Initializing ProtocolHandler ["http-nio-8080"]
21-Sep-2022 12:53:48 INFO - Starting service [Tomcat]
21-Sep-2022 12:53:48 INFO - Starting Servlet engine: [Apache Tomcat/9.0.65]
21-Sep-2022 12:53:49 INFO - Initializing Spring embedded WebApplicationContext
21-Sep-2022 12:53:49 INFO - Root WebApplicationContext: initialization completed in 1750 ms
21-Sep-2022 12:53:49 INFO - HHH000204: Processing PersistenceUnitInfo [name: default]
21-Sep-2022 12:53:49 INFO - HHH000412: Hibernate ORM core version 5.6.10.Final
21-Sep-2022 12:53:49 INFO - HCANN000001: Hibernate Commons Annotations {5.1.2.Final}
21-Sep-2022 12:53:49 INFO - HHH000400: Using dialect: org.hibernate.dialect.PostgreSQL10Dialect
21-Sep-2022 12:53:50 INFO - HHH000490: Using JtaPlatform implementation: [org.hibernate.engine.transaction.jta.platform.internal.NoJtaPlatform]
21-Sep-2022 12:53:50 INFO - Initialized JPA EntityManagerFactory for persistence unit 'default'
21-Sep-2022 12:53:51 WARN - spring.jpa.open-in-view is enabled by default. Therefore, database queries may be performed during view rendering. Explicitly configure spring.jpa.open-in-view to disable this warning
21-Sep-2022 12:53:51 INFO - Starting ProtocolHandler ["http-nio-8080"]
21-Sep-2022 12:53:51 INFO - Tomcat started on port(s): 8080 (http) with context path ''
21-Sep-2022 12:53:54 INFO - Initializing Spring DispatcherServlet 'dispatcherServlet'
21-Sep-2022 12:53:54 INFO - Initializing Servlet 'dispatcherServlet'
21-Sep-2022 12:53:54 INFO - Completed initialization in 2 ms
21-Sep-2022 12:59:01 INFO - Application shutdown requested.
21-Sep-2022 12:59:01 INFO - Pausing ProtocolHandler ["http-nio-8080"]
21-Sep-2022 12:59:01 INFO - Stopping service [Tomcat]
21-Sep-2022 12:59:01 INFO - Destroying Spring FrameworkServlet 'dispatcherServlet'
21-Sep-2022 12:59:01 INFO - Stopping ProtocolHandler ["http-nio-8080"]
21-Sep-2022 12:59:01 INFO - Destroying ProtocolHandler ["http-nio-8080"]
21-Sep-2022 12:59:01 INFO - Closing JPA EntityManagerFactory for persistence unit 'default'
22-Sep-2022 12:03:55 INFO - Neither @ContextConfiguration nor @ContextHierarchy found for test class [com.FirstSpringRestApplicationTests], using SpringBootContextLoader
22-Sep-2022 12:03:55 INFO - Could not detect default resource locations for test class [com.FirstSpringRestApplicationTests]: no resource found for suffixes {-context.xml, Context.groovy}.
22-Sep-2022 12:03:55 INFO - Could not detect default configuration classes for test class [com.FirstSpringRestApplicationTests]: FirstSpringRestApplicationTests does not declare any static, non-private, non-final, nested classes annotated with @Configuration.
22-Sep-2022 12:03:55 INFO - Found @SpringBootConfiguration com.FirstSpringRestApplication for test class com.FirstSpringRestApplicationTests
22-Sep-2022 12:03:55 INFO - Loaded default TestExecutionListener class names from location [META-INF/spring.factories]: [org.springframework.boot.test.mock.mockito.MockitoTestExecutionListener, org.springframework.boot.test.mock.mockito.ResetMocksTestExecutionListener, org.springframework.boot.test.autoconfigure.restdocs.RestDocsTestExecutionListener, org.springframework.boot.test.autoconfigure.web.client.MockRestServiceServerResetTestExecutionListener, org.springframework.boot.test.autoconfigure.web.servlet.MockMvcPrintOnlyOnFailureTestExecutionListener, org.springframework.boot.test.autoconfigure.web.servlet.WebDriverTestExecutionListener, org.springframework.boot.test.autoconfigure.webservices.client.MockWebServiceServerTestExecutionListener, org.springframework.test.context.web.ServletTestExecutionListener, org.springframework.test.context.support.DirtiesContextBeforeModesTestExecutionListener, org.springframework.test.context.event.ApplicationEventsTestExecutionListener, org.springframework.test.context.support.DependencyInjectionTestExecutionListener, org.springframework.test.context.support.DirtiesContextTestExecutionListener, org.springframework.test.context.transaction.TransactionalTestExecutionListener, org.springframework.test.context.jdbc.SqlScriptsTestExecutionListener, org.springframework.test.context.event.EventPublishingTestExecutionListener]
22-Sep-2022 12:03:55 INFO - Using TestExecutionListeners: [org.springframework.test.context.web.ServletTestExecutionListener@78dc4696, org.springframework.test.context.support.DirtiesContextBeforeModesTestExecutionListener@502f8b57, org.springframework.test.context.event.ApplicationEventsTestExecutionListener@5652f555, org.springframework.boot.test.mock.mockito.MockitoTestExecutionListener@4fe01805, org.springframework.boot.test.autoconfigure.SpringBootDependencyInjectionTestExecutionListener@55120f99, org.springframework.test.context.support.DirtiesContextTestExecutionListener@794b435f, org.springframework.test.context.transaction.TransactionalTestExecutionListener@38f2e97e, org.springframework.test.context.jdbc.SqlScriptsTestExecutionListener@779dfe55, org.springframework.test.context.event.EventPublishingTestExecutionListener@323659f8, org.springframework.boot.test.mock.mockito.ResetMocksTestExecutionListener@1144a55a, org.springframework.boot.test.autoconfigure.restdocs.RestDocsTestExecutionListener@3e521715, org.springframework.boot.test.autoconfigure.web.client.MockRestServiceServerResetTestExecutionListener@26a529dc, org.springframework.boot.test.autoconfigure.web.servlet.MockMvcPrintOnlyOnFailureTestExecutionListener@265c5d69, org.springframework.boot.test.autoconfigure.web.servlet.WebDriverTestExecutionListener@1286528d, org.springframework.boot.test.autoconfigure.webservices.client.MockWebServiceServerTestExecutionListener@3cc20577]
22-Sep-2022 12:03:57 INFO - Bootstrapping Spring Data JPA repositories in DEFAULT mode.
22-Sep-2022 12:03:57 INFO - Finished Spring Data repository scanning in 116 ms. Found 2 JPA repository interfaces.
22-Sep-2022 12:03:57 INFO - HHH000204: Processing PersistenceUnitInfo [name: default]
22-Sep-2022 12:03:58 INFO - HHH000412: Hibernate ORM core version 5.6.10.Final
22-Sep-2022 12:03:58 INFO - HCANN000001: Hibernate Commons Annotations {5.1.2.Final}
22-Sep-2022 12:03:58 INFO - HHH000400: Using dialect: org.hibernate.dialect.PostgreSQL10Dialect
22-Sep-2022 12:03:59 INFO - HHH000490: Using JtaPlatform implementation: [org.hibernate.engine.transaction.jta.platform.internal.NoJtaPlatform]
22-Sep-2022 12:03:59 INFO - Initialized JPA EntityManagerFactory for persistence unit 'default'
22-Sep-2022 12:04:00 WARN - spring.jpa.open-in-view is enabled by default. Therefore, database queries may be performed during view rendering. Explicitly configure spring.jpa.open-in-view to disable this warning
22-Sep-2022 12:04:01 INFO - Neither @ContextConfiguration nor @ContextHierarchy found for test class [com.service.CoderServiceTest], using SpringBootContextLoader
22-Sep-2022 12:04:01 INFO - Could not detect default resource locations for test class [com.service.CoderServiceTest]: no resource found for suffixes {-context.xml, Context.groovy}.
22-Sep-2022 12:04:01 INFO - Could not detect default configuration classes for test class [com.service.CoderServiceTest]: CoderServiceTest does not declare any static, non-private, non-final, nested classes annotated with @Configuration.
22-Sep-2022 12:04:01 INFO - Found @SpringBootConfiguration com.FirstSpringRestApplication for test class com.service.CoderServiceTest
22-Sep-2022 12:04:01 INFO - Loaded default TestExecutionListener class names from location [META-INF/spring.factories]: [org.springframework.boot.test.mock.mockito.MockitoTestExecutionListener, org.springframework.boot.test.mock.mockito.ResetMocksTestExecutionListener, org.springframework.boot.test.autoconfigure.restdocs.RestDocsTestExecutionListener, org.springframework.boot.test.autoconfigure.web.client.MockRestServiceServerResetTestExecutionListener, org.springframework.boot.test.autoconfigure.web.servlet.MockMvcPrintOnlyOnFailureTestExecutionListener, org.springframework.boot.test.autoconfigure.web.servlet.WebDriverTestExecutionListener, org.springframework.boot.test.autoconfigure.webservices.client.MockWebServiceServerTestExecutionListener, org.springframework.test.context.web.ServletTestExecutionListener, org.springframework.test.context.support.DirtiesContextBeforeModesTestExecutionListener, org.springframework.test.context.event.ApplicationEventsTestExecutionListener, org.springframework.test.context.support.DependencyInjectionTestExecutionListener, org.springframework.test.context.support.DirtiesContextTestExecutionListener, org.springframework.test.context.transaction.TransactionalTestExecutionListener, org.springframework.test.context.jdbc.SqlScriptsTestExecutionListener, org.springframework.test.context.event.EventPublishingTestExecutionListener]
22-Sep-2022 12:04:01 INFO - Using TestExecutionListeners: [org.springframework.test.context.web.ServletTestExecutionListener@40406a3f, org.springframework.test.context.support.DirtiesContextBeforeModesTestExecutionListener@d58550c, org.springframework.test.context.event.ApplicationEventsTestExecutionListener@7fef75e1, org.springframework.boot.test.mock.mockito.MockitoTestExecutionListener@2174fda1, org.springframework.boot.test.autoconfigure.SpringBootDependencyInjectionTestExecutionListener@62267a22, org.springframework.test.context.support.DirtiesContextTestExecutionListener@2d99b35f, org.springframework.test.context.transaction.TransactionalTestExecutionListener@295d8b70, org.springframework.test.context.jdbc.SqlScriptsTestExecutionListener@2f42f20f, org.springframework.test.context.event.EventPublishingTestExecutionListener@7ee46aaf, org.springframework.boot.test.mock.mockito.ResetMocksTestExecutionListener@1e072d67, org.springframework.boot.test.autoconfigure.restdocs.RestDocsTestExecutionListener@5b4433dc, org.springframework.boot.test.autoconfigure.web.client.MockRestServiceServerResetTestExecutionListener@63ae7031, org.springframework.boot.test.autoconfigure.web.servlet.MockMvcPrintOnlyOnFailureTestExecutionListener@3e42cff9, org.springframework.boot.test.autoconfigure.web.servlet.WebDriverTestExecutionListener@1989a143, org.springframework.boot.test.autoconfigure.webservices.client.MockWebServiceServerTestExecutionListener@63a9ab7d]
22-Sep-2022 12:04:02 INFO - Bootstrapping Spring Data JPA repositories in DEFAULT mode.
22-Sep-2022 12:04:02 INFO - Finished Spring Data repository scanning in 50 ms. Found 2 JPA repository interfaces.
22-Sep-2022 12:04:02 INFO - HHH000204: Processing PersistenceUnitInfo [name: default]
22-Sep-2022 12:04:02 INFO - HHH000400: Using dialect: org.hibernate.dialect.PostgreSQL10Dialect
22-Sep-2022 12:04:02 INFO - HHH000490: Using JtaPlatform implementation: [org.hibernate.engine.transaction.jta.platform.internal.NoJtaPlatform]
22-Sep-2022 12:04:02 INFO - Initialized JPA EntityManagerFactory for persistence unit 'default'
22-Sep-2022 12:04:02 WARN - spring.jpa.open-in-view is enabled by default. Therefore, database queries may be performed during view rendering. Explicitly configure spring.jpa.open-in-view to disable this warning
22-Sep-2022 12:04:03 INFO - Closing JPA EntityManagerFactory for persistence unit 'default'
22-Sep-2022 12:04:03 INFO - Closing JPA EntityManagerFactory for persistence unit 'default'
22-Sep-2022 14:28:38 INFO - Neither @ContextConfiguration nor @ContextHierarchy found for test class [com.FirstSpringRestApplicationTests], using SpringBootContextLoader
22-Sep-2022 14:28:38 INFO - Could not detect default resource locations for test class [com.FirstSpringRestApplicationTests]: no resource found for suffixes {-context.xml, Context.groovy}.
22-Sep-2022 14:28:38 INFO - Could not detect default configuration classes for test class [com.FirstSpringRestApplicationTests]: FirstSpringRestApplicationTests does not declare any static, non-private, non-final, nested classes annotated with @Configuration.
22-Sep-2022 14:28:38 INFO - Found @SpringBootConfiguration com.FirstSpringRestApplication for test class com.FirstSpringRestApplicationTests
22-Sep-2022 14:28:38 INFO - Loaded default TestExecutionListener class names from location [META-INF/spring.factories]: [org.springframework.boot.test.mock.mockito.MockitoTestExecutionListener, org.springframework.boot.test.mock.mockito.ResetMocksTestExecutionListener, org.springframework.boot.test.autoconfigure.restdocs.RestDocsTestExecutionListener, org.springframework.boot.test.autoconfigure.web.client.MockRestServiceServerResetTestExecutionListener, org.springframework.boot.test.autoconfigure.web.servlet.MockMvcPrintOnlyOnFailureTestExecutionListener, org.springframework.boot.test.autoconfigure.web.servlet.WebDriverTestExecutionListener, org.springframework.boot.test.autoconfigure.webservices.client.MockWebServiceServerTestExecutionListener, org.springframework.test.context.web.ServletTestExecutionListener, org.springframework.test.context.support.DirtiesContextBeforeModesTestExecutionListener, org.springframework.test.context.event.ApplicationEventsTestExecutionListener, org.springframework.test.context.support.DependencyInjectionTestExecutionListener, org.springframework.test.context.support.DirtiesContextTestExecutionListener, org.springframework.test.context.transaction.TransactionalTestExecutionListener, org.springframework.test.context.jdbc.SqlScriptsTestExecutionListener, org.springframework.test.context.event.EventPublishingTestExecutionListener]
22-Sep-2022 14:28:38 INFO - Using TestExecutionListeners: [org.springframework.test.context.web.ServletTestExecutionListener@988246e, org.springframework.test.context.support.DirtiesContextBeforeModesTestExecutionListener@62515a47, org.springframework.test.context.event.ApplicationEventsTestExecutionListener@3c5a54b7, org.springframework.boot.test.mock.mockito.MockitoTestExecutionListener@61f2c3f0, org.springframework.boot.test.autoconfigure.SpringBootDependencyInjectionTestExecutionListener@291120f4, org.springframework.test.context.support.DirtiesContextTestExecutionListener@417ad4f3, org.springframework.test.context.transaction.TransactionalTestExecutionListener@2f6bcf87, org.springframework.test.context.jdbc.SqlScriptsTestExecutionListener@58f174d9, org.springframework.test.context.event.EventPublishingTestExecutionListener@78c7f9b3, org.springframework.boot.test.mock.mockito.ResetMocksTestExecutionListener@6f8d7714, org.springframework.boot.test.autoconfigure.restdocs.RestDocsTestExecutionListener@1e6b9a95, org.springframework.boot.test.autoconfigure.web.client.MockRestServiceServerResetTestExecutionListener@4d6f623d, org.springframework.boot.test.autoconfigure.web.servlet.MockMvcPrintOnlyOnFailureTestExecutionListener@aa21042, org.springframework.boot.test.autoconfigure.web.servlet.WebDriverTestExecutionListener@e93f3d5, org.springframework.boot.test.autoconfigure.webservices.client.MockWebServiceServerTestExecutionListener@4cee7fa0]
22-Sep-2022 14:28:40 INFO - Bootstrapping Spring Data JPA repositories in DEFAULT mode.
22-Sep-2022 14:28:40 INFO - Finished Spring Data repository scanning in 97 ms. Found 2 JPA repository interfaces.
22-Sep-2022 14:28:40 INFO - HHH000204: Processing PersistenceUnitInfo [name: default]
22-Sep-2022 14:28:40 INFO - HHH000412: Hibernate ORM core version 5.6.10.Final
22-Sep-2022 14:28:41 INFO - HCANN000001: Hibernate Commons Annotations {5.1.2.Final}
22-Sep-2022 14:28:41 INFO - HHH000400: Using dialect: org.hibernate.dialect.PostgreSQL10Dialect
22-Sep-2022 14:28:42 INFO - HHH000490: Using JtaPlatform implementation: [org.hibernate.engine.transaction.jta.platform.internal.NoJtaPlatform]
22-Sep-2022 14:28:42 INFO - Initialized JPA EntityManagerFactory for persistence unit 'default'
22-Sep-2022 14:28:42 WARN - spring.jpa.open-in-view is enabled by default. Therefore, database queries may be performed during view rendering. Explicitly configure spring.jpa.open-in-view to disable this warning
22-Sep-2022 14:28:44 INFO - Neither @ContextConfiguration nor @ContextHierarchy found for test class [com.service.CoderServiceTest], using SpringBootContextLoader
22-Sep-2022 14:28:44 INFO - Could not detect default resource locations for test class [com.service.CoderServiceTest]: no resource found for suffixes {-context.xml, Context.groovy}.
22-Sep-2022 14:28:44 INFO - Could not detect default configuration classes for test class [com.service.CoderServiceTest]: CoderServiceTest does not declare any static, non-private, non-final, nested classes annotated with @Configuration.
22-Sep-2022 14:28:44 INFO - Found @SpringBootConfiguration com.FirstSpringRestApplication for test class com.service.CoderServiceTest
22-Sep-2022 14:28:44 INFO - Loaded default TestExecutionListener class names from location [META-INF/spring.factories]: [org.springframework.boot.test.mock.mockito.MockitoTestExecutionListener, org.springframework.boot.test.mock.mockito.ResetMocksTestExecutionListener, org.springframework.boot.test.autoconfigure.restdocs.RestDocsTestExecutionListener, org.springframework.boot.test.autoconfigure.web.client.MockRestServiceServerResetTestExecutionListener, org.springframework.boot.test.autoconfigure.web.servlet.MockMvcPrintOnlyOnFailureTestExecutionListener, org.springframework.boot.test.autoconfigure.web.servlet.WebDriverTestExecutionListener, org.springframework.boot.test.autoconfigure.webservices.client.MockWebServiceServerTestExecutionListener, org.springframework.test.context.web.ServletTestExecutionListener, org.springframework.test.context.support.DirtiesContextBeforeModesTestExecutionListener, org.springframework.test.context.event.ApplicationEventsTestExecutionListener, org.springframework.test.context.support.DependencyInjectionTestExecutionListener, org.springframework.test.context.support.DirtiesContextTestExecutionListener, org.springframework.test.context.transaction.TransactionalTestExecutionListener, org.springframework.test.context.jdbc.SqlScriptsTestExecutionListener, org.springframework.test.context.event.EventPublishingTestExecutionListener]
22-Sep-2022 14:28:44 INFO - Using TestExecutionListeners: [org.springframework.test.context.web.ServletTestExecutionListener@1989a143, org.springframework.test.context.support.DirtiesContextBeforeModesTestExecutionListener@63a9ab7d, org.springframework.test.context.event.ApplicationEventsTestExecutionListener@731660c1, org.springframework.boot.test.mock.mockito.MockitoTestExecutionListener@5b83545d, org.springframework.boot.test.autoconfigure.SpringBootDependencyInjectionTestExecutionListener@f5475d7, org.springframework.test.context.support.DirtiesContextTestExecutionListener@2108d503, org.springframework.test.context.transaction.TransactionalTestExecutionListener@61d8a98b, org.springframework.test.context.jdbc.SqlScriptsTestExecutionListener@20382851, org.springframework.test.context.event.EventPublishingTestExecutionListener@cee1b4c, org.springframework.boot.test.mock.mockito.ResetMocksTestExecutionListener@6b29771f, org.springframework.boot.test.autoconfigure.restdocs.RestDocsTestExecutionListener@4f991f00, org.springframework.boot.test.autoconfigure.web.client.MockRestServiceServerResetTestExecutionListener@2e02cc02, org.springframework.boot.test.autoconfigure.web.servlet.MockMvcPrintOnlyOnFailureTestExecutionListener@524a96f5, org.springframework.boot.test.autoconfigure.web.servlet.WebDriverTestExecutionListener@72fb922c, org.springframework.boot.test.autoconfigure.webservices.client.MockWebServiceServerTestExecutionListener@751df26c]
22-Sep-2022 14:28:44 INFO - Bootstrapping Spring Data JPA repositories in DEFAULT mode.
22-Sep-2022 14:28:44 INFO - Finished Spring Data repository scanning in 49 ms. Found 2 JPA repository interfaces.
22-Sep-2022 14:28:45 INFO - HHH000204: Processing PersistenceUnitInfo [name: default]
22-Sep-2022 14:28:45 INFO - HHH000400: Using dialect: org.hibernate.dialect.PostgreSQL10Dialect
22-Sep-2022 14:28:45 INFO - HHH000490: Using JtaPlatform implementation: [org.hibernate.engine.transaction.jta.platform.internal.NoJtaPlatform]
22-Sep-2022 14:28:45 INFO - Initialized JPA EntityManagerFactory for persistence unit 'default'
22-Sep-2022 14:28:45 WARN - spring.jpa.open-in-view is enabled by default. Therefore, database queries may be performed during view rendering. Explicitly configure spring.jpa.open-in-view to disable this warning
22-Sep-2022 14:28:45 INFO - Closing JPA EntityManagerFactory for persistence unit 'default'
22-Sep-2022 14:28:45 INFO - Closing JPA EntityManagerFactory for persistence unit 'default'
22-Sep-2022 14:30:05 INFO - Neither @ContextConfiguration nor @ContextHierarchy found for test class [com.FirstSpringRestApplicationTests], using SpringBootContextLoader
22-Sep-2022 14:30:05 INFO - Could not detect default resource locations for test class [com.FirstSpringRestApplicationTests]: no resource found for suffixes {-context.xml, Context.groovy}.
22-Sep-2022 14:30:05 INFO - Could not detect default configuration classes for test class [com.FirstSpringRestApplicationTests]: FirstSpringRestApplicationTests does not declare any static, non-private, non-final, nested classes annotated with @Configuration.
22-Sep-2022 14:30:05 INFO - Found @SpringBootConfiguration com.FirstSpringRestApplication for test class com.FirstSpringRestApplicationTests
22-Sep-2022 14:30:05 INFO - Loaded default TestExecutionListener class names from location [META-INF/spring.factories]: [org.springframework.boot.test.mock.mockito.MockitoTestExecutionListener, org.springframework.boot.test.mock.mockito.ResetMocksTestExecutionListener, org.springframework.boot.test.autoconfigure.restdocs.RestDocsTestExecutionListener, org.springframework.boot.test.autoconfigure.web.client.MockRestServiceServerResetTestExecutionListener, org.springframework.boot.test.autoconfigure.web.servlet.MockMvcPrintOnlyOnFailureTestExecutionListener, org.springframework.boot.test.autoconfigure.web.servlet.WebDriverTestExecutionListener, org.springframework.boot.test.autoconfigure.webservices.client.MockWebServiceServerTestExecutionListener, org.springframework.test.context.web.ServletTestExecutionListener, org.springframework.test.context.support.DirtiesContextBeforeModesTestExecutionListener, org.springframework.test.context.event.ApplicationEventsTestExecutionListener, org.springframework.test.context.support.DependencyInjectionTestExecutionListener, org.springframework.test.context.support.DirtiesContextTestExecutionListener, org.springframework.test.context.transaction.TransactionalTestExecutionListener, org.springframework.test.context.jdbc.SqlScriptsTestExecutionListener, org.springframework.test.context.event.EventPublishingTestExecutionListener]
22-Sep-2022 14:30:05 INFO - Using TestExecutionListeners: [org.springframework.test.context.web.ServletTestExecutionListener@988246e, org.springframework.test.context.support.DirtiesContextBeforeModesTestExecutionListener@62515a47, org.springframework.test.context.event.ApplicationEventsTestExecutionListener@3c5a54b7, org.springframework.boot.test.mock.mockito.MockitoTestExecutionListener@61f2c3f0, org.springframework.boot.test.autoconfigure.SpringBootDependencyInjectionTestExecutionListener@291120f4, org.springframework.test.context.support.DirtiesContextTestExecutionListener@417ad4f3, org.springframework.test.context.transaction.TransactionalTestExecutionListener@2f6bcf87, org.springframework.test.context.jdbc.SqlScriptsTestExecutionListener@58f174d9, org.springframework.test.context.event.EventPublishingTestExecutionListener@78c7f9b3, org.springframework.boot.test.mock.mockito.ResetMocksTestExecutionListener@6f8d7714, org.springframework.boot.test.autoconfigure.restdocs.RestDocsTestExecutionListener@1e6b9a95, org.springframework.boot.test.autoconfigure.web.client.MockRestServiceServerResetTestExecutionListener@4d6f623d, org.springframework.boot.test.autoconfigure.web.servlet.MockMvcPrintOnlyOnFailureTestExecutionListener@aa21042, org.springframework.boot.test.autoconfigure.web.servlet.WebDriverTestExecutionListener@e93f3d5, org.springframework.boot.test.autoconfigure.webservices.client.MockWebServiceServerTestExecutionListener@4cee7fa0]
22-Sep-2022 14:30:06 INFO - Bootstrapping Spring Data JPA repositories in DEFAULT mode.
22-Sep-2022 14:30:06 INFO - Finished Spring Data repository scanning in 103 ms. Found 2 JPA repository interfaces.
22-Sep-2022 14:30:07 INFO - HHH000204: Processing PersistenceUnitInfo [name: default]
22-Sep-2022 14:30:07 INFO - HHH000412: Hibernate ORM core version 5.6.10.Final
22-Sep-2022 14:30:07 INFO - HCANN000001: Hibernate Commons Annotations {5.1.2.Final}
22-Sep-2022 14:30:07 INFO - HHH000400: Using dialect: org.hibernate.dialect.PostgreSQL10Dialect
22-Sep-2022 14:30:08 INFO - HHH000490: Using JtaPlatform implementation: [org.hibernate.engine.transaction.jta.platform.internal.NoJtaPlatform]
22-Sep-2022 14:30:08 INFO - Initialized JPA EntityManagerFactory for persistence unit 'default'
22-Sep-2022 14:30:09 WARN - spring.jpa.open-in-view is enabled by default. Therefore, database queries may be performed during view rendering. Explicitly configure spring.jpa.open-in-view to disable this warning
22-Sep-2022 14:30:10 INFO - Neither @ContextConfiguration nor @ContextHierarchy found for test class [com.service.CoderServiceTest], using SpringBootContextLoader
22-Sep-2022 14:30:10 INFO - Could not detect default resource locations for test class [com.service.CoderServiceTest]: no resource found for suffixes {-context.xml, Context.groovy}.
22-Sep-2022 14:30:10 INFO - Could not detect default configuration classes for test class [com.service.CoderServiceTest]: CoderServiceTest does not declare any static, non-private, non-final, nested classes annotated with @Configuration.
22-Sep-2022 14:30:10 INFO - Found @SpringBootConfiguration com.FirstSpringRestApplication for test class com.service.CoderServiceTest
22-Sep-2022 14:30:10 INFO - Loaded default TestExecutionListener class names from location [META-INF/spring.factories]: [org.springframework.boot.test.mock.mockito.MockitoTestExecutionListener, org.springframework.boot.test.mock.mockito.ResetMocksTestExecutionListener, org.springframework.boot.test.autoconfigure.restdocs.RestDocsTestExecutionListener, org.springframework.boot.test.autoconfigure.web.client.MockRestServiceServerResetTestExecutionListener, org.springframework.boot.test.autoconfigure.web.servlet.MockMvcPrintOnlyOnFailureTestExecutionListener, org.springframework.boot.test.autoconfigure.web.servlet.WebDriverTestExecutionListener, org.springframework.boot.test.autoconfigure.webservices.client.MockWebServiceServerTestExecutionListener, org.springframework.test.context.web.ServletTestExecutionListener, org.springframework.test.context.support.DirtiesContextBeforeModesTestExecutionListener, org.springframework.test.context.event.ApplicationEventsTestExecutionListener, org.springframework.test.context.support.DependencyInjectionTestExecutionListener, org.springframework.test.context.support.DirtiesContextTestExecutionListener, org.springframework.test.context.transaction.TransactionalTestExecutionListener, org.springframework.test.context.jdbc.SqlScriptsTestExecutionListener, org.springframework.test.context.event.EventPublishingTestExecutionListener]
22-Sep-2022 14:30:10 INFO - Using TestExecutionListeners: [org.springframework.test.context.web.ServletTestExecutionListener@5b4433dc, org.springframework.test.context.support.DirtiesContextBeforeModesTestExecutionListener@63ae7031, org.springframework.test.context.event.ApplicationEventsTestExecutionListener@3e42cff9, org.springframework.boot.test.mock.mockito.MockitoTestExecutionListener@1989a143, org.springframework.boot.test.autoconfigure.SpringBootDependencyInjectionTestExecutionListener@63a9ab7d, org.springframework.test.context.support.DirtiesContextTestExecutionListener@731660c1, org.springframework.test.context.transaction.TransactionalTestExecutionListener@5b83545d, org.springframework.test.context.jdbc.SqlScriptsTestExecutionListener@f5475d7, org.springframework.test.context.event.EventPublishingTestExecutionListener@2108d503, org.springframework.boot.test.mock.mockito.ResetMocksTestExecutionListener@61d8a98b, org.springframework.boot.test.autoconfigure.restdocs.RestDocsTestExecutionListener@20382851, org.springframework.boot.test.autoconfigure.web.client.MockRestServiceServerResetTestExecutionListener@cee1b4c, org.springframework.boot.test.autoconfigure.web.servlet.MockMvcPrintOnlyOnFailureTestExecutionListener@6b29771f, org.springframework.boot.test.autoconfigure.web.servlet.WebDriverTestExecutionListener@4f991f00, org.springframework.boot.test.autoconfigure.webservices.client.MockWebServiceServerTestExecutionListener@2e02cc02]
22-Sep-2022 14:30:11 INFO - Bootstrapping Spring Data JPA repositories in DEFAULT mode.
22-Sep-2022 14:30:11 INFO - Finished Spring Data repository scanning in 47 ms. Found 2 JPA repository interfaces.
22-Sep-2022 14:30:11 INFO - HHH000204: Processing PersistenceUnitInfo [name: default]
22-Sep-2022 14:30:11 INFO - HHH000400: Using dialect: org.hibernate.dialect.PostgreSQL10Dialect
22-Sep-2022 14:30:11 INFO - HHH000490: Using JtaPlatform implementation: [org.hibernate.engine.transaction.jta.platform.internal.NoJtaPlatform]
22-Sep-2022 14:30:11 INFO - Initialized JPA EntityManagerFactory for persistence unit 'default'
22-Sep-2022 14:30:11 WARN - spring.jpa.open-in-view is enabled by default. Therefore, database queries may be performed during view rendering. Explicitly configure spring.jpa.open-in-view to disable this warning
22-Sep-2022 14:30:12 INFO - Closing JPA EntityManagerFactory for persistence unit 'default'
22-Sep-2022 14:30:12 INFO - Closing JPA EntityManagerFactory for persistence unit 'default'
22-Sep-2022 14:54:01 INFO - Neither @ContextConfiguration nor @ContextHierarchy found for test class [com.service.CoderServiceTest], using SpringBootContextLoader
22-Sep-2022 14:54:01 INFO - Could not detect default resource locations for test class [com.service.CoderServiceTest]: no resource found for suffixes {-context.xml, Context.groovy}.
22-Sep-2022 14:54:01 INFO - Could not detect default configuration classes for test class [com.service.CoderServiceTest]: CoderServiceTest does not declare any static, non-private, non-final, nested classes annotated with @Configuration.
22-Sep-2022 14:54:01 INFO - Found @SpringBootConfiguration com.FirstSpringRestApplication for test class com.service.CoderServiceTest
22-Sep-2022 14:54:01 INFO - Loaded default TestExecutionListener class names from location [META-INF/spring.factories]: [org.springframework.boot.test.mock.mockito.MockitoTestExecutionListener, org.springframework.boot.test.mock.mockito.ResetMocksTestExecutionListener, org.springframework.boot.test.autoconfigure.restdocs.RestDocsTestExecutionListener, org.springframework.boot.test.autoconfigure.web.client.MockRestServiceServerResetTestExecutionListener, org.springframework.boot.test.autoconfigure.web.servlet.MockMvcPrintOnlyOnFailureTestExecutionListener, org.springframework.boot.test.autoconfigure.web.servlet.WebDriverTestExecutionListener, org.springframework.boot.test.autoconfigure.webservices.client.MockWebServiceServerTestExecutionListener, org.springframework.test.context.web.ServletTestExecutionListener, org.springframework.test.context.support.DirtiesContextBeforeModesTestExecutionListener, org.springframework.test.context.event.ApplicationEventsTestExecutionListener, org.springframework.test.context.support.DependencyInjectionTestExecutionListener, org.springframework.test.context.support.DirtiesContextTestExecutionListener, org.springframework.test.context.transaction.TransactionalTestExecutionListener, org.springframework.test.context.jdbc.SqlScriptsTestExecutionListener, org.springframework.test.context.event.EventPublishingTestExecutionListener]
22-Sep-2022 14:54:01 INFO - Using TestExecutionListeners: [org.springframework.test.context.web.ServletTestExecutionListener@81ff872, org.springframework.test.context.support.DirtiesContextBeforeModesTestExecutionListener@31611954, org.springframework.test.context.event.ApplicationEventsTestExecutionListener@3e598df9, org.springframework.boot.test.mock.mockito.MockitoTestExecutionListener@7e31ce0f, org.springframework.boot.test.autoconfigure.SpringBootDependencyInjectionTestExecutionListener@99a65d3, org.springframework.test.context.support.DirtiesContextTestExecutionListener@3088660d, org.springframework.test.context.transaction.TransactionalTestExecutionListener@42cc13a0, org.springframework.test.context.jdbc.SqlScriptsTestExecutionListener@32fdec40, org.springframework.test.context.event.EventPublishingTestExecutionListener@6813a331, org.springframework.boot.test.mock.mockito.ResetMocksTestExecutionListener@1bd81830, org.springframework.boot.test.autoconfigure.restdocs.RestDocsTestExecutionListener@39ab59f8, org.springframework.boot.test.autoconfigure.web.client.MockRestServiceServerResetTestExecutionListener@64e92d61, org.springframework.boot.test.autoconfigure.web.servlet.MockMvcPrintOnlyOnFailureTestExecutionListener@111610e6, org.springframework.boot.test.autoconfigure.web.servlet.WebDriverTestExecutionListener@4ad4936c, org.springframework.boot.test.autoconfigure.webservices.client.MockWebServiceServerTestExecutionListener@29d37757]
22-Sep-2022 14:54:03 INFO - Bootstrapping Spring Data JPA repositories in DEFAULT mode.
22-Sep-2022 14:54:03 INFO - Finished Spring Data repository scanning in 118 ms. Found 2 JPA repository interfaces.
22-Sep-2022 14:54:04 INFO - HHH000204: Processing PersistenceUnitInfo [name: default]
22-Sep-2022 14:54:04 INFO - HHH000412: Hibernate ORM core version 5.6.10.Final
22-Sep-2022 14:54:05 INFO - HCANN000001: Hibernate Commons Annotations {5.1.2.Final}
22-Sep-2022 14:54:05 INFO - HHH000400: Using dialect: org.hibernate.dialect.PostgreSQL10Dialect
22-Sep-2022 14:54:05 INFO - HHH000490: Using JtaPlatform implementation: [org.hibernate.engine.transaction.jta.platform.internal.NoJtaPlatform]
22-Sep-2022 14:54:05 INFO - Initialized JPA EntityManagerFactory for persistence unit 'default'
22-Sep-2022 14:54:06 WARN - spring.jpa.open-in-view is enabled by default. Therefore, database queries may be performed during view rendering. Explicitly configure spring.jpa.open-in-view to disable this warning
22-Sep-2022 14:54:08 INFO - Closing JPA EntityManagerFactory for persistence unit 'default'
22-Sep-2022 15:27:32 INFO - Neither @ContextConfiguration nor @ContextHierarchy found for test class [com.FirstSpringRestApplicationTests], using SpringBootContextLoader
22-Sep-2022 15:27:32 INFO - Could not detect default resource locations for test class [com.FirstSpringRestApplicationTests]: no resource found for suffixes {-context.xml, Context.groovy}.
22-Sep-2022 15:27:32 INFO - Could not detect default configuration classes for test class [com.FirstSpringRestApplicationTests]: FirstSpringRestApplicationTests does not declare any static, non-private, non-final, nested classes annotated with @Configuration.
22-Sep-2022 15:27:32 INFO - Found @SpringBootConfiguration com.FirstSpringRestApplication for test class com.FirstSpringRestApplicationTests
22-Sep-2022 15:27:33 INFO - Loaded default TestExecutionListener class names from location [META-INF/spring.factories]: [org.springframework.boot.test.mock.mockito.MockitoTestExecutionListener, org.springframework.boot.test.mock.mockito.ResetMocksTestExecutionListener, org.springframework.boot.test.autoconfigure.restdocs.RestDocsTestExecutionListener, org.springframework.boot.test.autoconfigure.web.client.MockRestServiceServerResetTestExecutionListener, org.springframework.boot.test.autoconfigure.web.servlet.MockMvcPrintOnlyOnFailureTestExecutionListener, org.springframework.boot.test.autoconfigure.web.servlet.WebDriverTestExecutionListener, org.springframework.boot.test.autoconfigure.webservices.client.MockWebServiceServerTestExecutionListener, org.springframework.test.context.web.ServletTestExecutionListener, org.springframework.test.context.support.DirtiesContextBeforeModesTestExecutionListener, org.springframework.test.context.event.ApplicationEventsTestExecutionListener, org.springframework.test.context.support.DependencyInjectionTestExecutionListener, org.springframework.test.context.support.DirtiesContextTestExecutionListener, org.springframework.test.context.transaction.TransactionalTestExecutionListener, org.springframework.test.context.jdbc.SqlScriptsTestExecutionListener, org.springframework.test.context.event.EventPublishingTestExecutionListener]
22-Sep-2022 15:27:33 INFO - Using TestExecutionListeners: [org.springframework.test.context.web.ServletTestExecutionListener@149aa7b2, org.springframework.test.context.support.DirtiesContextBeforeModesTestExecutionListener@3ca3648, org.springframework.test.context.event.ApplicationEventsTestExecutionListener@2a99ca99, org.springframework.boot.test.mock.mockito.MockitoTestExecutionListener@39f0c343, org.springframework.boot.test.autoconfigure.SpringBootDependencyInjectionTestExecutionListener@781654f8, org.springframework.test.context.support.DirtiesContextTestExecutionListener@2abc55c4, org.springframework.test.context.transaction.TransactionalTestExecutionListener@4e958f08, org.springframework.test.context.jdbc.SqlScriptsTestExecutionListener@71c0b742, org.springframework.test.context.event.EventPublishingTestExecutionListener@3bbb8c16, org.springframework.boot.test.mock.mockito.ResetMocksTestExecutionListener@73e1ecd0, org.springframework.boot.test.autoconfigure.restdocs.RestDocsTestExecutionListener@11eec06b, org.springframework.boot.test.autoconfigure.web.client.MockRestServiceServerResetTestExecutionListener@65600fb3, org.springframework.boot.test.autoconfigure.web.servlet.MockMvcPrintOnlyOnFailureTestExecutionListener@25ce435, org.springframework.boot.test.autoconfigure.web.servlet.WebDriverTestExecutionListener@7ea71fc2, org.springframework.boot.test.autoconfigure.webservices.client.MockWebServiceServerTestExecutionListener@19ad75e5]
22-Sep-2022 15:27:35 INFO - Bootstrapping Spring Data JPA repositories in DEFAULT mode.
22-Sep-2022 15:27:36 INFO - Finished Spring Data repository scanning in 236 ms. Found 2 JPA repository interfaces.
22-Sep-2022 15:27:37 INFO - HHH000204: Processing PersistenceUnitInfo [name: default]
22-Sep-2022 15:27:37 INFO - HHH000412: Hibernate ORM core version 5.6.10.Final
22-Sep-2022 15:27:38 INFO - HCANN000001: Hibernate Commons Annotations {5.1.2.Final}
22-Sep-2022 15:27:40 INFO - HHH000400: Using dialect: org.hibernate.dialect.PostgreSQL10Dialect
22-Sep-2022 15:27:42 INFO - HHH000490: Using JtaPlatform implementation: [org.hibernate.engine.transaction.jta.platform.internal.NoJtaPlatform]
22-Sep-2022 15:27:42 INFO - Initialized JPA EntityManagerFactory for persistence unit 'default'
22-Sep-2022 15:27:44 WARN - spring.jpa.open-in-view is enabled by default. Therefore, database queries may be performed during view rendering. Explicitly configure spring.jpa.open-in-view to disable this warning
22-Sep-2022 15:27:46 INFO - Closing JPA EntityManagerFactory for persistence unit 'default'
